\BOOKMARK [1][-]{section.1}{\376\377\152\041\127\213\116\016\137\353\141\142\122\006\211\343}{}% 1
\BOOKMARK [2][-]{subsection.1.1}{\376\377\137\353\145\366\225\364\116\016\134\102\174\373\176\337\377\010\000l\000a\000y\000e\000r\000\040\000p\000r\000o\000b\000l\000e\000m\377\011}{section.1}% 2
\BOOKMARK [2][-]{subsection.1.2}{\376\377\116\064\165\114\155\101\137\142\377\010\000c\000r\000i\000t\000i\000c\000a\000l\000\040\000m\000a\000n\000i\000f\000o\000l\000d\377\011\116\016\172\063\133\232\140\047}{section.1}% 3
\BOOKMARK [1][-]{section.2}{\376\377\141\142\174\373\176\337\377\010\000r\000e\000d\000u\000c\000e\000d\000\040\000p\000r\000o\000b\000l\000e\000m\377\011\116\016\000\040\000F\000e\000n\000i\000c\000h\000e\000l\000\040\141\142\155\101\137\142}{}% 4
\BOOKMARK [2][-]{subsection.2.1}{\376\377\141\142\147\201\226\120\377\010\0000\377\011\116\012\166\204\176\246\123\026\145\271\172\013}{section.2}% 5
\BOOKMARK [2][-]{subsection.2.2}{\376\377\000F\000e\000n\000i\000c\000h\000e\000l\000\040\164\006\213\272\176\331\121\372\166\204\000\040\000C\000a\000/\000r}{section.2}% 6
\BOOKMARK [1][-]{section.3}{\376\377\170\156\133\232\140\047\122\250\122\233\133\146\377\032\136\163\210\141\160\271\060\001\147\176\137\033\143\057\203\141\060\001\236\055\211\343\377\010\000r\000e\000g\000u\000l\000a\000r\000\040\000d\000u\000c\000k\000\040\000/\000\040\000h\000e\000a\000d\000l\000e\000s\000s\000\040\000d\000u\000c\000k\377\011}{}% 7
\BOOKMARK [2][-]{subsection.3.1}{\376\377\136\163\210\141\160\271\116\016\176\277\140\047\172\063\133\232\140\047}{section.3}% 8
\BOOKMARK [2][-]{subsection.3.2}{\376\377\116\072\116\300\116\110\117\032\121\372\163\260\147\176\137\033\143\057\203\141\377\010\000r\000e\000l\000a\000x\000a\000t\000i\000o\000n\000\040\000o\000s\000c\000i\000l\000l\000a\000t\000i\000o\000n\377\011\377\037}{section.3}% 9
\BOOKMARK [2][-]{subsection.3.3}{\376\377\116\072\116\300\116\110\117\032\121\372\163\260\000\040\000r\000e\000g\000u\000l\000a\000r\000\040\000d\000u\000c\000k\000\040\116\016\000\040\000h\000e\000a\000d\000l\000e\000s\000s\000\040\000d\000u\000c\000k\377\037\377\010\000C\000a\000n\000a\000r\000d\000\040\121\340\117\125\147\072\122\066\377\011}{section.3}% 10
\BOOKMARK [1][-]{section.4}{\376\377\122\240\121\145\126\152\130\360\124\016\166\204\000\040\000C\000a\000n\000a\000r\000d\377\032\141\142\123\330\221\317\126\152\130\360\000\040\000\040\226\217\147\072\220\011\142\351\377\033\137\353\123\330\221\317\126\152\130\360\000\040\000\040\226\217\147\072\121\161\143\057}{}% 11
\BOOKMARK [2][-]{subsection.4.1}{\376\377\116\044\171\315\122\240\126\152\145\271\137\017}{section.4}% 12
\BOOKMARK [2][-]{subsection.4.2}{\376\377\141\142\123\330\221\317\126\152\130\360\116\072\116\300\116\110\117\032\133\374\201\364\040\034\226\217\147\072\220\011\142\351\040\035\377\037\377\010\145\160\133\146\147\072\122\066\377\011}{section.4}% 13
\BOOKMARK [3][-]{subsubsection.4.2.1}{\376\377\147\072\122\066\000\040\0001\377\032\143\222\145\245\141\142\155\101\137\142\116\012\166\204\143\007\145\160\145\076\131\047\142\212\126\152\130\360\040\034\145\076\131\047\142\020\220\011\142\351\040\035}{subsection.4.2}% 14
\BOOKMARK [3][-]{subsubsection.4.2.2}{\376\377\147\072\122\066\000\040\0002\377\032\000S\000o\000w\000e\000r\000s\000\040\166\204\147\201\226\120\133\232\164\006\040\024\040\024\122\006\165\114\221\317\166\204\173\046\123\367\215\213\116\216\232\330\145\257\122\006\136\003}{subsection.4.2}% 15
\BOOKMARK [3][-]{subsubsection.4.2.3}{\376\377\147\072\122\066\000\040\0003\377\032\142\230\160\271\226\104\217\321\166\204\134\100\220\350\153\143\122\031\137\142\377\010\000B\000e\000r\000g\000l\000u\000n\000d\040\023\000G\000e\000n\000t\000z\000\040\166\204\150\067\147\054\215\357\137\204\143\250\133\374\377\011}{subsection.4.2}% 16
\BOOKMARK [2][-]{subsection.4.3}{\376\377\137\353\123\330\221\317\126\152\130\360\116\072\116\300\116\110\117\032\133\374\201\364\040\034\226\217\147\072\121\161\143\057\377\010\000s\000t\000o\000c\000h\000a\000s\000t\000i\000c\000\040\000r\000e\000s\000o\000n\000a\000n\000c\000e\377\011\040\035\377\037\377\010\145\160\133\146\147\072\122\066\377\011}{section.4}% 17
\BOOKMARK [3][-]{subsubsection.4.3.1}{\376\377\226\217\147\072\121\161\143\057\166\204\150\007\121\306\133\232\116\111\377\010\116\016\137\353\141\142\174\373\176\337\166\204\133\371\136\224\377\011}{subsection.4.3}% 18
\BOOKMARK [3][-]{subsubsection.4.3.2}{\376\377\165\050\000\040\000K\000r\000a\000m\000e\000r\000s\000\040\127\213\220\037\163\207\211\343\221\312\040\034\116\072\117\125\133\130\127\050\147\000\117\030\126\152\130\360\137\072\136\246\040\035}{subsection.4.3}% 19
\BOOKMARK [3][-]{subsubsection.4.3.3}{\376\377\116\016\000\040\000C\000a\000n\000a\000r\000d\000/\000v\000a\000n\000\040\000d\000e\000r\000\040\000P\000o\000l\000\040\121\340\117\125\166\204\166\364\143\245\133\371\136\224}{subsection.4.3}% 20
\BOOKMARK [1][-]{section.5}{\376\377\127\050\137\353\123\330\221\317\124\214\141\142\123\330\221\317\116\012\122\006\122\053\122\240\126\152\130\360}{}% 21
\BOOKMARK [1][-]{section.6}{\376\377\123\302\200\003\145\207\163\056\377\010\136\372\213\256\127\050\213\272\145\207\000/\173\024\213\260\116\055\165\050\000\040\000t\000h\000e\000b\000i\000b\000l\000i\000o\000g\000r\000a\000p\000h\000y\000\040\142\026\000\040\000B\000i\000b\000T\000e\000X\377\011}{}% 22
