\BOOKMARK [1][-]{section.1}{\376\377\000t\000a\000u\000-\000l\000e\000a\000p\000i\000n\000g\000\040\123\237\164\006}{}% 1
\BOOKMARK [2][-]{subsection.1.1}{\376\377\127\372\116\216\172\172\225\364\171\273\145\143\150\074\137\017\166\204\000\040\000t\000a\000u\000-\000l\000e\000a\000p\000i\000n\000g\000\040\173\227\154\325}{section.1}% 2
\BOOKMARK [2][-]{subsection.1.2}{\376\377\116\055\160\271\150\074\137\017\166\204\000\040\000t\000a\000u\000-\000l\000e\000a\000p\000i\000n\000g\000\040\173\227\154\325}{section.1}% 3
\BOOKMARK [2][-]{subsection.1.3}{\376\377\136\046\142\322\176\335\147\072\122\066\166\204\000\040\000t\000a\000u\000-\000l\000e\000a\000p\000i\000n\000g\000\040\173\227\154\325}{section.1}% 4
\BOOKMARK [1][-]{section.2}{\376\377\226\217\147\072\000C\000a\000n\000a\000r\000d\141\142\137\353\174\373\176\337\166\204\136\163\172\063\133\306\136\246\213\241\173\227}{}% 5
\BOOKMARK [2][-]{subsection.2.1}{\376\377\152\041\127\213\060\001\123\302\145\160\116\016\000C\000a\000n\000a\000r\000d\162\006\160\270\200\314\146\157}{section.2}% 6
\BOOKMARK [2][-]{subsection.2.2}{\376\377\165\037\142\020\121\103\116\016\172\172\225\364\171\273\145\143\377\032\126\333\145\271\124\021\215\363\215\303\220\037\163\207\000\040\000q\0001\000,\040\046\000,\000q\0004}{section.2}% 7
\BOOKMARK [2][-]{subsection.2.3}{\376\377\000t\000a\000u\000-\000l\000e\000a\000p\000i\000n\000g\127\050\226\217\147\072\000C\000a\000n\000a\000r\000d\116\055\166\204\133\236\163\260\211\201\160\271}{section.2}% 8
\BOOKMARK [2][-]{subsection.2.4}{\376\377\145\160\120\074\213\276\177\156\116\016\176\323\147\234\134\125\171\072}{section.2}% 9
\BOOKMARK [2][-]{subsection.2.5}{\376\377\134\017\176\323\377\032\136\163\172\063\133\306\136\246\116\016\000C\000a\000n\000a\000r\000d\162\006\160\270\166\204\200\124\174\373}{section.2}% 10
\BOOKMARK [1][-]{section.3}{\376\377\152\041\127\213\116\016\137\353\141\142\122\006\211\343}{}% 11
\BOOKMARK [2][-]{subsection.3.1}{\376\377\137\353\145\366\225\364\116\016\134\102\174\373\176\337\377\010\000l\000a\000y\000e\000r\000\040\000p\000r\000o\000b\000l\000e\000m\377\011}{section.3}% 12
\BOOKMARK [2][-]{subsection.3.2}{\376\377\116\064\165\114\155\101\137\142\377\010\000c\000r\000i\000t\000i\000c\000a\000l\000\040\000m\000a\000n\000i\000f\000o\000l\000d\377\011\116\016\172\063\133\232\140\047}{section.3}% 13
\BOOKMARK [1][-]{section.4}{\376\377\141\142\174\373\176\337\377\010\000r\000e\000d\000u\000c\000e\000d\000\040\000p\000r\000o\000b\000l\000e\000m\377\011\116\016\000\040\000F\000e\000n\000i\000c\000h\000e\000l\000\040\141\142\155\101\137\142}{}% 14
\BOOKMARK [2][-]{subsection.4.1}{\376\377\141\142\147\201\226\120\377\010\0000\377\011\116\012\166\204\176\246\123\026\145\271\172\013}{section.4}% 15
\BOOKMARK [2][-]{subsection.4.2}{\376\377\000F\000e\000n\000i\000c\000h\000e\000l\000\040\164\006\213\272\176\331\121\372\166\204\000\040\000C\000a\000/\000r}{section.4}% 16
\BOOKMARK [1][-]{section.5}{\376\377\170\156\133\232\140\047\122\250\122\233\133\146\377\032\136\163\210\141\160\271\060\001\147\176\137\033\143\057\203\141\060\001\236\055\211\343\377\010\000r\000e\000g\000u\000l\000a\000r\000\040\000d\000u\000c\000k\000\040\000/\000\040\000h\000e\000a\000d\000l\000e\000s\000s\000\040\000d\000u\000c\000k\377\011}{}% 17
\BOOKMARK [2][-]{subsection.5.1}{\376\377\136\163\210\141\160\271\116\016\176\277\140\047\172\063\133\232\140\047}{section.5}% 18
\BOOKMARK [2][-]{subsection.5.2}{\376\377\116\072\116\300\116\110\117\032\121\372\163\260\147\176\137\033\143\057\203\141\377\010\000r\000e\000l\000a\000x\000a\000t\000i\000o\000n\000\040\000o\000s\000c\000i\000l\000l\000a\000t\000i\000o\000n\377\011\377\037}{section.5}% 19
\BOOKMARK [2][-]{subsection.5.3}{\376\377\116\072\116\300\116\110\117\032\121\372\163\260\000\040\000r\000e\000g\000u\000l\000a\000r\000\040\000d\000u\000c\000k\000\040\116\016\000\040\000h\000e\000a\000d\000l\000e\000s\000s\000\040\000d\000u\000c\000k\377\037\377\010\000C\000a\000n\000a\000r\000d\000\040\121\340\117\125\147\072\122\066\377\011}{section.5}% 20
\BOOKMARK [1][-]{section.6}{\376\377\122\240\121\145\126\152\130\360\124\016\166\204\000\040\000C\000a\000n\000a\000r\000d\377\032\141\142\123\330\221\317\126\152\130\360\000\040\000\040\226\217\147\072\220\011\142\351\377\033\137\353\123\330\221\317\126\152\130\360\000\040\000\040\226\217\147\072\121\161\143\057}{}% 21
\BOOKMARK [2][-]{subsection.6.1}{\376\377\116\044\171\315\122\240\126\152\145\271\137\017}{section.6}% 22
\BOOKMARK [2][-]{subsection.6.2}{\376\377\141\142\123\330\221\317\126\152\130\360\116\072\116\300\116\110\117\032\133\374\201\364\040\034\226\217\147\072\220\011\142\351\040\035\377\037}{section.6}% 23
\BOOKMARK [3][-]{subsubsection.6.2.1}{\376\377\147\072\122\066\000\040\0001\377\032\143\222\145\245\141\142\155\101\137\142\116\012\166\204\143\007\145\160\145\076\131\047\142\212\126\152\130\360\040\034\145\076\131\047\142\020\220\011\142\351\040\035}{subsection.6.2}% 24
\BOOKMARK [3][-]{subsubsection.6.2.2}{\376\377\147\072\122\066\000\040\0002\377\032\000S\000o\000w\000e\000r\000s\000\040\166\204\147\201\226\120\133\232\164\006\040\024\040\024\122\006\165\114\221\317\166\204\173\046\123\367\215\213\116\216\232\330\145\257\122\006\136\003}{subsection.6.2}% 25
\BOOKMARK [3][-]{subsubsection.6.2.3}{\376\377\147\072\122\066\000\040\0003\377\032\142\230\160\271\226\104\217\321\166\204\134\100\220\350\153\143\122\031\137\142\377\010\000B\000e\000r\000g\000l\000u\000n\000d\040\023\000G\000e\000n\000t\000z\000\040\166\204\150\067\147\054\215\357\137\204\143\250\133\374\377\011}{subsection.6.2}% 26
\BOOKMARK [2][-]{subsection.6.3}{\376\377\137\353\123\330\221\317\126\152\130\360\116\072\116\300\116\110\117\032\133\374\201\364\040\034\226\217\147\072\121\161\143\057\377\010\000s\000t\000o\000c\000h\000a\000s\000t\000i\000c\000\040\000r\000e\000s\000o\000n\000a\000n\000c\000e\377\011\040\035\377\037}{section.6}% 27
\BOOKMARK [3][-]{subsubsection.6.3.1}{\376\377\226\217\147\072\121\161\143\057\166\204\150\007\121\306\133\232\116\111}{subsection.6.3}% 28
\BOOKMARK [3][-]{subsubsection.6.3.2}{\376\377\165\050\000\040\000K\000r\000a\000m\000e\000r\000s\000\040\127\213\220\037\163\207\211\343\221\312\040\034\116\072\117\125\133\130\127\050\147\000\117\030\126\152\130\360\137\072\136\246\040\035}{subsection.6.3}% 29
\BOOKMARK [3][-]{subsubsection.6.3.3}{\376\377\116\016\000\040\000C\000a\000n\000a\000r\000d\000/\000v\000a\000n\000\040\000d\000e\000r\000\040\000P\000o\000l\000\040\121\340\117\125\166\204\166\364\143\245\133\371\136\224}{subsection.6.3}% 30
\BOOKMARK [1][-]{section.7}{\376\377\127\050\137\353\123\330\221\317\124\214\141\142\123\330\221\317\116\012\122\006\122\053\122\240\126\152\130\360}{}% 31
\BOOKMARK [1][-]{section.8}{\376\377\000R\000i\000n\000g\000\040\000d\000e\000n\000s\000i\000t\000y\000\040\152\041\127\213\166\204\000\040\000c\000l\000o\000s\000e\000d\000-\000f\000o\000r\000m\000\040\136\163\172\063\133\306\136\246\143\250\133\374}{}% 32
\BOOKMARK [2][-]{subsection.8.1}{\376\377\152\041\127\213\213\276\133\232}{section.8}% 33
\BOOKMARK [2][-]{subsection.8.2}{\376\377\000F\000o\000k\000k\000e\000r\040\023\000P\000l\000a\000n\000c\000k\000\040\145\271\172\013\116\016\136\163\172\063\145\271\172\013}{section.8}% 34
\BOOKMARK [2][-]{subsection.8.3}{\376\377\150\257\136\246\174\373\176\337\166\204\225\355\137\017\136\163\172\063\133\306\136\246}{section.8}% 35
\BOOKMARK [2][-]{subsection.8.4}{\376\377\145\313\217\154\230\171\000\040\000R\000\040\116\015\145\071\123\330\136\163\172\063\133\306\136\246\166\204\123\237\126\340}{section.8}% 36
\BOOKMARK [2][-]{subsection.8.5}{\376\377\137\122\116\000\123\026\136\070\145\160\000\040\000K\000\040\166\204\146\076\137\017\213\241\173\227}{section.8}% 37
\BOOKMARK [2][-]{subsection.8.6}{\376\377\147\000\176\310\000\040\000c\000l\000o\000s\000e\000d\000-\000f\000o\000r\000m\000\040\136\163\172\063\133\306\136\246}{section.8}% 38
\BOOKMARK [1][-]{section.9}{\376\377\220\000\123\026\126\152\130\360\140\305\137\142\116\013\000\040\000R\000i\000n\000g\000\040\000d\000e\000n\000s\000i\000t\000y\000\040\136\163\172\063\133\306\136\246\146\057\124\046\116\315\147\011\225\355\137\017\211\343\377\037}{}% 39
\BOOKMARK [2][-]{subsection.9.1}{\376\377\0001\000.\000\040\220\000\123\026\142\151\145\143\116\013\166\204\136\163\172\063\000\040\000F\000o\000k\000k\000e\000r\040\023\000P\000l\000a\000n\000c\000k\000\040\145\271\172\013}{section.9}% 40
\BOOKMARK [2][-]{subsection.9.2}{\376\377\0002\000.\000\040\116\300\116\110\145\366\120\031\116\315\123\357\200\375\117\335\143\001\000\040\000G\000i\000b\000b\000s\000\040\127\213\225\355\137\017\137\142\137\017\377\037}{section.9}% 41
\BOOKMARK [2][-]{subsection.9.3}{\376\377\0003\000.\000\040\116\044\174\173\221\315\211\201\166\204\040\034\162\171\153\212\140\305\121\265\116\013\116\315\123\357\121\231\121\372\225\355\137\017\210\150\217\276\040\035\166\204\140\305\137\142}{section.9}% 42
\BOOKMARK [3][-]{subsubsection.9.3.1}{\376\377\000\050\000A\000\051\000\040\133\130\127\050\116\015\123\330\155\113\136\246\377\014\117\106\133\203\146\057\131\107\137\002\166\204\377\010\117\213\131\202\226\306\116\055\127\050\116\000\147\141\163\257\116\012\377\011}{subsection.9.3}% 43
\BOOKMARK [3][-]{subsubsection.9.3.2}{\376\377\000\050\000B\000\051\000\040\153\041\151\055\127\006\000/\117\116\171\351\117\106\123\357\136\163\156\321\377\010\000h\000y\000p\000o\000e\000l\000l\000i\000p\000t\000i\000c\377\011\166\204\176\323\147\204\152\041\127\213\123\357\200\375\116\315\147\011\146\076\137\017\000\040\000G\000i\000b\000b\000s\000\040\133\232\137\213}{subsection.9.3}% 44
\BOOKMARK [2][-]{subsection.9.4}{\376\377\0004\000.\000\040\000`\000`\123\352\127\050\116\000\116\052\123\330\221\317\116\012\122\240\126\152\130\360\000'\000'\145\366\220\032\136\070\117\032\123\321\165\037\116\300\116\110\377\037}{section.9}% 45
\BOOKMARK [2][-]{subsection.9.5}{\376\377\0005\000.\000\040\134\017\176\323}{section.9}% 46
