\BOOKMARK [1][-]{section*.1}{\376\377\144\130\211\201}{}% 1
\BOOKMARK [1][-]{section*.2}{\376\377\000A\000b\000s\000t\000r\000a\000c\000t}{}% 2
\BOOKMARK [1][-]{section*.4}{\376\377\143\322\126\376\166\356\137\125}{}% 3
\BOOKMARK [1][-]{section*.5}{\376\377\226\104\210\150\166\356\137\125}{}% 4
\BOOKMARK [1][-]{section*.6}{\376\377\173\046\123\367\124\214\177\051\165\145\213\355\213\364\146\016}{}% 5
\BOOKMARK [1][-]{section.1}{\376\377\137\025\212\000}{}% 6
\BOOKMARK [2][-]{subsection.1.1}{\376\377\226\217\147\072\137\256\122\006\145\271\172\013\166\204\166\204\215\167\156\220\116\016\123\321\134\125}{section.1}% 7
\BOOKMARK [2][-]{subsection.1.2}{\376\377\226\217\147\072\137\256\122\006\145\271\172\013\145\160\120\074\211\343\166\204\170\024\172\166\163\260\162\266}{section.1}% 8
\BOOKMARK [2][-]{subsection.1.3}{\376\377\147\054\145\207\166\204\116\073\211\201\170\024\172\166\121\205\133\271}{section.1}% 9
\BOOKMARK [1][-]{section.2}{\376\377\230\204\131\007\167\345\213\306}{}% 10
\BOOKMARK [2][-]{subsection.2.1}{\376\377\000I\000t\000\364\142\151\145\143\166\204\145\340\172\167\134\017\165\037\142\020\121\103}{section.2}% 11
\BOOKMARK [2][-]{subsection.2.2}{\376\377\172\172\225\364\171\273\145\143\150\074\137\017}{section.2}% 12
\BOOKMARK [3][-]{subsubsection.2.2.1}{\376\377\217\336\176\355\145\366\225\364\226\217\147\072\156\070\215\160\145\271\154\325\166\204\173\227\154\325}{subsection.2.2}% 13
\BOOKMARK [2][-]{subsection.2.3}{\376\377\145\071\217\333\166\204\000\040\000E\000u\000l\000e\000r\040\023\000M\000a\000r\000u\000y\000a\000m\000a\000\040\145\160\120\074\150\074\137\017}{section.2}% 14
\BOOKMARK [3][-]{subsubsection.2.3.1}{\376\377\232\157\147\015\000\040\000E\000u\000l\000e\000r\000\040\145\271\154\325}{subsection.2.3}% 15
\BOOKMARK [3][-]{subsubsection.2.3.2}{\376\377\142\052\145\255\000\040\000E\000u\000l\000e\000r\040\023\000M\000a\000r\000u\000y\000a\000m\000a\000\040\145\271\154\325}{subsection.2.3}% 16
\BOOKMARK [1][-]{section.3}{\376\377\126\372\133\232\172\172\225\364\215\335\171\273\215\350\215\212\145\366\225\364\166\204\153\324\217\203}{}% 17
\BOOKMARK [2][-]{subsection.3.1}{\376\377\172\172\225\364\171\273\145\143\145\271\154\325\166\204\136\163\127\107\232\173\165\131\145\366\225\364\122\006\147\220}{section.3}% 18
\BOOKMARK [2][-]{subsection.3.2}{\376\377\136\163\127\107\231\226\217\276\145\366\225\364\377\010\000M\000F\000P\000T\377\011\116\016\000\040\000t\000e\166\204\116\000\201\364\156\020\217\321\140\047\122\006\147\220}{section.3}% 19
\BOOKMARK [2][-]{subsection.3.3}{\376\377\145\366\225\364\171\273\145\143\150\074\137\017\166\204\136\163\127\107\231\226\217\276\145\366\225\364\166\204\156\020\217\321\116\000\201\364\140\047\116\016\213\357\135\356\117\060\213\241\122\006\147\220}{section.3}% 20
\BOOKMARK [2][-]{subsection.3.4}{\376\377\116\000\176\364\172\313\145\271\143\057\133\120\116\012\166\204\145\366\225\364\153\324\217\203\166\204\145\160\120\074\133\236\232\214}{section.3}% 21
\BOOKMARK [3][-]{subsubsection.3.4.1}{\376\377\213\357\135\356\136\246\221\317\116\016\145\160\120\074\176\323\147\234}{subsection.3.4}% 22
\BOOKMARK [1][-]{section.4}{\376\377\121\163\116\216\136\046\220\000\123\026\126\152\130\360\166\204\226\217\147\072\174\373\176\337\166\204\145\160\120\074\150\074\137\017\153\324\217\203}{}% 23
\BOOKMARK [2][-]{subsection.4.1}{\376\377\152\041\127\213\116\016\174\276\170\156\116\015\123\330\155\113\136\246}{section.4}% 24
\BOOKMARK [2][-]{subsection.4.2}{\376\377\172\172\225\364\171\273\145\143\150\074\137\017\377\032\155\367\124\010\377\010\000h\000y\000b\000r\000i\000d\377\011\000Q\000"\0000\0003\0006\0005\000Q\000u\000\040\145\271\154\325}{section.4}% 25
\BOOKMARK [3][-]{subsubsection.4.2.1}{\376\377\171\273\145\143\165\037\142\020\121\103\116\016\217\154\171\373\167\351\226\065\166\204\147\204\220\040}{subsection.4.2}% 26
\BOOKMARK [3][-]{subsubsection.4.2.2}{\376\377\136\163\172\063\122\006\136\003\166\204\145\160\120\074\154\102\211\343}{subsection.4.2}% 27
\BOOKMARK [2][-]{subsection.4.3}{\376\377\145\366\225\364\171\273\145\143\150\074\137\017\377\032\000E\000u\000l\000e\000r\040\023\000M\000a\000r\000u\000y\000a\000m\000a\000\040\145\271\154\325}{section.4}% 28
\BOOKMARK [2][-]{subsection.4.4}{\376\377\121\154\136\163\153\324\217\203\166\204\133\236\232\214\213\276\177\156}{section.4}% 29
\BOOKMARK [3][-]{subsubsection.4.4.1}{\376\377\176\337\116\000\123\302\145\160}{subsection.4.4}% 30
\BOOKMARK [3][-]{subsubsection.4.4.2}{\376\377\177\121\150\074\122\126\122\006\173\126\165\145}{subsection.4.4}% 31
\BOOKMARK [3][-]{subsubsection.4.4.3}{\376\377\213\241\173\227\221\317\121\154\136\163\123\237\122\031}{subsection.4.4}% 32
\BOOKMARK [2][-]{subsection.4.5}{\376\377\145\160\120\074\176\323\147\234\116\016\122\006\147\220}{section.4}% 33
\BOOKMARK [3][-]{subsubsection.4.5.1}{\376\377\174\276\136\246\226\217\177\121\150\074\153\145\225\177\166\204\145\066\145\133\210\114\116\072}{subsection.4.5}% 34
\BOOKMARK [3][-]{subsubsection.4.5.2}{\376\377\213\357\135\356\040\023\116\343\116\367\145\066\145\133\146\362\176\277}{subsection.4.5}% 35
\BOOKMARK [3][-]{subsubsection.4.5.3}{\376\377\116\044\174\173\145\271\154\325\213\357\135\356\147\145\156\220\166\204\147\054\215\050\135\356\137\002}{subsection.4.5}% 36
\BOOKMARK [2][-]{subsection.4.6}{\376\377\134\017\176\323}{section.4}% 37
\BOOKMARK [1][-]{section.5}{\376\377\226\217\147\072\000\040\000C\000a\000n\000a\000r\000d\000\040\137\353\000-\141\142\174\373\176\337\166\204\122\250\122\233\133\146\210\114\116\072\122\006\147\220}{}% 38
\BOOKMARK [2][-]{subsection.5.1}{\376\377\220\003\220\070\151\202\163\207}{section.5}% 39
\BOOKMARK [2][-]{subsection.5.2}{\376\377\000C\000T\000R\000W\165\037\142\020\121\103\116\013\166\204\171\273\145\143\220\003\220\070\151\202\163\207\145\271\172\013}{section.5}% 40
\BOOKMARK [2][-]{subsection.5.3}{\376\377\232\157\147\015\000/\142\052\145\255\000E\000u\000l\000e\000r\000-\000M\000a\000r\000u\000y\000a\000m\000a\150\074\137\017\116\013\166\204\220\003\220\070\151\202\163\207\145\066\145\133\140\047}{section.5}% 41
\BOOKMARK [3][-]{subsubsection.5.3.1}{\376\377\232\157\147\015\000/\142\052\145\255\000\040\000E\000u\000l\000e\000r\000-\000M\000a\000r\000u\000y\000a\000m\000a\150\074\137\017\116\016\137\072\145\066\145\133}{subsection.5.3}% 42
\BOOKMARK [3][-]{subsubsection.5.3.2}{\376\377\145\366\225\364\171\273\145\143\116\013\166\204\220\003\220\070\151\202\163\207\122\006\147\220}{subsection.5.3}% 43
\BOOKMARK [2][-]{subsection.5.4}{\376\377\226\217\147\072\000C\000a\000n\000a\000r\000d\174\373\176\337\116\055\166\204\153\324\217\203\116\016\213\250\213\272}{section.5}% 44
\BOOKMARK [2][-]{subsection.5.5}{\376\377\145\160\120\074\133\236\232\214}{section.5}% 45
\BOOKMARK [3][-]{subsubsection.5.5.1}{\376\377\133\236\232\214\213\276\177\156\116\016\145\160\120\074\145\271\154\325}{subsection.5.5}% 46
\BOOKMARK [3][-]{subsubsection.5.5.2}{\376\377\174\373\176\337\215\357\137\204\116\016\137\353\215\363\145\366\225\364\122\006\136\003}{subsection.5.5}% 47
\BOOKMARK [3][-]{subsubsection.5.5.3}{\376\377\220\003\220\070\151\202\163\207\000\040\116\016\000\040\000M\000F\000P\000T\000\040\166\204\172\172\225\364\176\323\147\204}{subsection.5.5}% 48
\BOOKMARK [3][-]{subsubsection.5.5.4}{\376\377\127\372\116\216\000\040\220\003\220\070\151\202\163\207\000\040\166\204\000\040\000w\000o\000r\000k\040\023\000e\000r\000r\000o\000r\000\040\153\324\217\203}{subsection.5.5}% 49
\BOOKMARK [1][-]{section.6}{\376\377\226\217\147\072\000\040\000C\000a\000n\000a\000r\000d\000\040\137\353\040\023\141\142\174\373\176\337\116\055\137\353\215\363\210\114\116\072\166\204\145\160\120\074\153\324\217\203}{}% 50
\BOOKMARK [2][-]{subsection.6.1}{\376\377\137\353\215\363\116\213\116\366\166\204\133\232\116\111\116\016\145\160\120\074\166\356\150\007}{section.6}% 51
\BOOKMARK [2][-]{subsection.6.2}{\376\377\145\366\225\364\171\273\145\143\150\074\137\017\377\032\000E\000u\000l\000e\000r\040\023\000M\000a\000r\000u\000y\000a\000m\000a\000\040\116\016\232\157\147\015\000\040\000E\000M}{section.6}% 52
\BOOKMARK [2][-]{subsection.6.3}{\376\377\172\172\225\364\171\273\145\143\150\074\137\017\377\032\127\372\116\216\165\037\142\020\121\103\166\204\000\040\000C\000T\000R\000W\000\040\215\363\215\303\217\307\172\013}{section.6}% 53
\BOOKMARK [2][-]{subsection.6.4}{\376\377\137\353\215\363\116\213\116\366\133\371\145\160\120\074\142\160\122\250\166\204\145\117\141\037\140\047\122\006\147\220}{section.6}% 54
\BOOKMARK [2][-]{subsection.6.5}{\376\377\145\160\120\074\133\236\232\214\116\016\176\323\147\234\153\324\217\203}{section.6}% 55
\BOOKMARK [2][-]{subsection.6.6}{\376\377\134\017\176\323}{section.6}% 56
\BOOKMARK [1][-]{section.7}{\376\377\176\323\213\272}{}% 57
\BOOKMARK [1][-]{section*.25}{\376\377\226\104\137\125\000\040\000A\000\040\000X\000X\000X\000X\176\337\213\241\145\160\143\156}{}% 58
\BOOKMARK [1][-]{section*.26}{\376\377\226\104\137\125\000\040\000A\000\040\000X\000X\000X\000X\176\337\213\241\145\160\143\156}{}% 59
\BOOKMARK [1][-]{section*.27}{\376\377\124\016\213\260}{}% 60
\BOOKMARK [1][-]{section*.28}{\376\377\127\050\133\146\147\037\225\364\123\326\137\227\122\033\145\260\140\047\142\020\147\234\140\305\121\265}{}% 61
