\BOOKMARK [1][-]{section*.1}{\376\377\144\130\211\201}{}% 1
\BOOKMARK [1][-]{section*.2}{\376\377\000A\000b\000s\000t\000r\000a\000c\000t}{}% 2
\BOOKMARK [1][-]{section*.4}{\376\377\143\322\126\376\166\356\137\125}{}% 3
\BOOKMARK [1][-]{section*.5}{\376\377\226\104\210\150\166\356\137\125}{}% 4
\BOOKMARK [1][-]{section*.6}{\376\377\173\046\123\367\124\214\177\051\165\145\213\355\213\364\146\016}{}% 5
\BOOKMARK [1][-]{section.1}{\376\377\137\025\212\000}{}% 6
\BOOKMARK [2][-]{subsection.1.1}{\376\377\226\217\147\072\137\256\122\006\145\271\172\013\166\204\166\204\215\167\156\220\116\016\123\321\134\125}{section.1}% 7
\BOOKMARK [2][-]{subsection.1.2}{\376\377\226\217\147\072\137\256\122\006\145\271\172\013\145\160\120\074\211\343\166\204\170\024\172\166\163\260\162\266}{section.1}% 8
\BOOKMARK [2][-]{subsection.1.3}{\376\377\147\054\145\207\166\204\116\073\211\201\170\024\172\166\121\205\133\271}{section.1}% 9
\BOOKMARK [1][-]{section.2}{\376\377\230\204\131\007\167\345\213\306}{}% 10
\BOOKMARK [2][-]{subsection.2.1}{\376\377\000I\000t\000\364\142\151\145\143\166\204\145\340\172\167\134\017\165\037\142\020\121\103}{section.2}% 11
\BOOKMARK [2][-]{subsection.2.2}{\376\377\172\172\225\364\171\273\145\143\150\074\137\017}{section.2}% 12
\BOOKMARK [3][-]{subsubsection.2.2.1}{\376\377\217\336\176\355\145\366\225\364\226\217\147\072\156\070\215\160\145\271\154\325\166\204\173\227\154\325}{subsection.2.2}% 13
\BOOKMARK [2][-]{subsection.2.3}{\376\377\145\071\217\333\166\204\000\040\000E\000u\000l\000e\000r\040\023\000M\000a\000r\000u\000y\000a\000m\000a\000\040\145\160\120\074\150\074\137\017}{section.2}% 14
\BOOKMARK [3][-]{subsubsection.2.3.1}{\376\377\232\157\123\026\000\040\000E\000u\000l\000e\000r\000\040\145\271\154\325\377\010\000T\000a\000m\000e\000d\000\040\000E\000u\000l\000e\000r\377\011}{subsection.2.3}% 15
\BOOKMARK [3][-]{subsubsection.2.3.2}{\376\377\142\052\145\255\000\040\000E\000u\000l\000e\000r\040\023\000M\000a\000r\000u\000y\000a\000m\000a\000\040\145\271\154\325\377\010\000T\000r\000u\000n\000c\000a\000t\000e\000d\000\040\000E\000M\377\011}{subsection.2.3}% 16
\BOOKMARK [1][-]{section.3}{\376\377\126\372\133\232\172\172\225\364\215\350\215\212\215\335\171\273\116\013\166\204\145\366\225\364\134\072\136\246\153\324\217\203}{}% 17
\BOOKMARK [2][-]{subsection.3.1}{\376\377\172\172\225\364\171\273\145\143\145\271\154\325\166\204\136\163\127\107\232\173\165\131\145\366\225\364\122\006\147\220}{section.3}% 18
\BOOKMARK [2][-]{subsection.3.2}{\376\377\145\366\225\364\171\273\145\143\150\074\137\017\136\163\127\107\231\226\217\276\145\366\225\364\377\010\000M\000F\000P\000T\377\011\166\204\143\250\133\374\116\016\134\100\220\350\156\020\217\321}{section.3}% 19
\BOOKMARK [2][-]{subsection.3.3}{\376\377\116\000\176\364\172\313\145\271\143\057\133\120\116\012\166\204\145\366\225\364\134\072\136\246\153\324\217\203\166\204\145\160\120\074\133\236\232\214}{section.3}% 20
\BOOKMARK [3][-]{subsubsection.3.3.1}{\376\377\213\357\135\356\136\246\221\317\116\016\145\160\120\074\176\323\147\234}{subsection.3.3}% 21
\BOOKMARK [1][-]{section.4}{\376\377\226\217\147\072\000\040\000C\000a\000n\000a\000r\000d\000\040\141\142\040\023\137\353\174\373\176\337\166\204\122\250\122\233\133\146\210\114\116\072\116\016\000\040\000c\000o\000m\000m\000i\000t\000t\000o\000r\122\006\147\220}{}% 22
\BOOKMARK [2][-]{subsection.4.1}{\376\377\000C\000o\000m\000m\000i\000t\000t\000o\000r\000\040\121\375\145\160\116\016\121\372\165\114\151\202\163\207}{section.4}% 23
\BOOKMARK [2][-]{subsection.4.2}{\376\377\000C\000T\000R\000W\165\037\142\020\121\103\116\013\166\204\171\273\145\143\000c\000o\000m\000m\000i\000t\000t\000o\000r\145\271\172\013}{section.4}% 24
\BOOKMARK [2][-]{subsection.4.3}{\376\377\000t\000a\000m\000e\000d\000\040\000/\000\040\000t\000r\000u\000n\000c\000a\000t\000e\000d\000\040\000E\000M\150\074\137\017\116\013\166\204\000c\000o\000m\000m\000i\000t\000t\000o\000r\145\066\145\133\140\047}{section.4}% 25
\BOOKMARK [3][-]{subsubsection.4.3.1}{\376\377\000t\000a\000m\000e\000d\000\040\000/\000\040\000t\000r\000u\000n\000c\000a\000t\000e\000d\000\040\000E\000u\000l\000e\000r\150\074\137\017\116\016\137\072\145\066\145\133}{subsection.4.3}% 26
\BOOKMARK [3][-]{subsubsection.4.3.2}{\376\377\145\366\225\364\171\273\145\143\116\013\166\204\000c\000o\000m\000m\000i\000t\000t\000o\000r\122\006\147\220}{subsection.4.3}% 27
\BOOKMARK [2][-]{subsection.4.4}{\376\377\226\217\147\072\000C\000a\000n\000a\000r\000d\174\373\176\337\116\055\166\204\153\324\217\203\116\016\213\250\213\272}{section.4}% 28
\BOOKMARK [2][-]{subsection.4.5}{\376\377\145\160\120\074\133\236\232\214}{section.4}% 29
\BOOKMARK [3][-]{subsubsection.4.5.1}{\376\377\133\236\232\214\213\276\177\156\116\016\145\160\120\074\145\271\154\325}{subsection.4.5}% 30
\BOOKMARK [3][-]{subsubsection.4.5.2}{\376\377\174\373\176\337\215\357\137\204\116\016\137\353\215\363\145\366\225\364\122\006\136\003}{subsection.4.5}% 31
\BOOKMARK [3][-]{subsubsection.4.5.3}{\376\377\000C\000o\000m\000m\000i\000t\000t\000o\000r\000\040\116\016\000\040\000M\000F\000P\000T\000\040\166\204\172\172\225\364\176\323\147\204}{subsection.4.5}% 32
\BOOKMARK [3][-]{subsubsection.4.5.4}{\376\377\127\372\116\216\000\040\000c\000o\000m\000m\000i\000t\000t\000o\000r\000\040\166\204\000\040\000w\000o\000r\000k\040\023\000e\000r\000r\000o\000r\000\040\153\324\217\203}{subsection.4.5}% 33
\BOOKMARK [1][-]{section.5}{\376\377\176\323\213\272}{}% 34
\BOOKMARK [1][-]{section*.19}{\376\377\226\104\137\125\000\040\000A\000\040\000X\000X\000X\000X\176\337\213\241\145\160\143\156}{}% 35
\BOOKMARK [1][-]{section*.20}{\376\377\226\104\137\125\000\040\000A\000\040\000X\000X\000X\000X\176\337\213\241\145\160\143\156}{}% 36
\BOOKMARK [1][-]{section*.21}{\376\377\124\016\213\260}{}% 37
\BOOKMARK [1][-]{section*.22}{\376\377\127\050\133\146\147\037\225\364\123\326\137\227\122\033\145\260\140\047\142\020\147\234\140\305\121\265}{}% 38
